<?xml version="1.0" encoding="UTF-8"?>
<!-- Generated by org.testng.reporters.JUnitXMLReporter -->
<testsuite hostname="DESKTOP-8FDCMHT" ignored="0" name="Default test" tests="3" failures="0" timestamp="2022-04-05T20:59:15 IST" time="35.537" errors="0">
  <testcase name="tableRows" time="0.364" classname="com.selMiscellaneous.test.WebTableOperations"/>
  <testcase name="tableCols" time="0.09" classname="com.selMiscellaneous.test.WebTableOperations"/>
  <testcase name="getdata" time="1.531" classname="com.selMiscellaneous.test.WebTableOperations"/>
</testsuite> <!-- Default test -->
